{"C:\\Projects\\pm-prj-2\\src\\components\\login.js": {"path":"C:\\Projects\\pm-prj-2\\src\\components\\login.js","statementMap":{"0":{"start":{"line":8,"column":39},"end":{"line":11,"column":6}},"1":{"start":{"line":13,"column":28},"end":{"line":13,"column":57}},"2":{"start":{"line":14,"column":44},"end":{"line":14,"column":56}},"3":{"start":{"line":15,"column":21},"end":{"line":15,"column":34}},"4":{"start":{"line":17,"column":25},"end":{"line":30,"column":5}},"5":{"start":{"line":18,"column":8},"end":{"line":18,"column":27}},"6":{"start":{"line":20,"column":8},"end":{"line":29,"column":11}},"7":{"start":{"line":21,"column":12},"end":{"line":26,"column":13}},"8":{"start":{"line":22,"column":16},"end":{"line":22,"column":32}},"9":{"start":{"line":23,"column":16},"end":{"line":23,"column":30}},"10":{"start":{"line":25,"column":16},"end":{"line":25,"column":60}},"11":{"start":{"line":28,"column":12},"end":{"line":28,"column":40}},"12":{"start":{"line":32,"column":4},"end":{"line":71,"column":15}},"13":{"start":{"line":68,"column":16},"end":{"line":68,"column":96}}},"fnMap":{"0":{"name":"Login","decl":{"start":{"line":7,"column":9},"end":{"line":7,"column":14}},"loc":{"start":{"line":7,"column":17},"end":{"line":72,"column":1}},"line":7},"1":{"name":"(anonymous_1)","decl":{"start":{"line":17,"column":25},"end":{"line":17,"column":26}},"loc":{"start":{"line":17,"column":32},"end":{"line":30,"column":5}},"line":17},"2":{"name":"(anonymous_2)","decl":{"start":{"line":20,"column":39},"end":{"line":20,"column":40}},"loc":{"start":{"line":20,"column":51},"end":{"line":27,"column":9}},"line":20},"3":{"name":"(anonymous_3)","decl":{"start":{"line":27,"column":17},"end":{"line":27,"column":18}},"loc":{"start":{"line":27,"column":28},"end":{"line":29,"column":9}},"line":27},"4":{"name":"(anonymous_4)","decl":{"start":{"line":67,"column":30},"end":{"line":67,"column":31}},"loc":{"start":{"line":67,"column":41},"end":{"line":69,"column":13}},"line":67}},"branchMap":{"0":{"loc":{"start":{"line":21,"column":12},"end":{"line":26,"column":13}},"type":"if","locations":[{"start":{"line":21,"column":12},"end":{"line":26,"column":13}},{"start":{"line":24,"column":19},"end":{"line":26,"column":13}}],"line":21}},"s":{"0":5,"1":5,"2":5,"3":5,"4":5,"5":2,"6":2,"7":2,"8":1,"9":1,"10":1,"11":0,"12":5,"13":1},"f":{"0":5,"1":2,"2":2,"3":0,"4":1},"b":{"0":[1,1]},"_coverageSchema":"1a1c01bbd47fc00a2c39e90264f33305004495a9","hash":"c4edad208db91efd67a3e560e2b3f770291ce79a"}
,"C:\\Projects\\pm-prj-2\\src\\components\\modal.js": {"path":"C:\\Projects\\pm-prj-2\\src\\components\\modal.js","statementMap":{"0":{"start":{"line":9,"column":14},"end":{"line":133,"column":1}},"1":{"start":{"line":10,"column":44},"end":{"line":10,"column":56}},"2":{"start":{"line":11,"column":24},"end":{"line":11,"column":40}},"3":{"start":{"line":13,"column":54},"end":{"line":17,"column":6}},"4":{"start":{"line":18,"column":26},"end":{"line":18,"column":52}},"5":{"start":{"line":20,"column":4},"end":{"line":26,"column":21}},"6":{"start":{"line":21,"column":8},"end":{"line":25,"column":11}},"7":{"start":{"line":28,"column":25},"end":{"line":56,"column":5}},"8":{"start":{"line":29,"column":8},"end":{"line":29,"column":27}},"9":{"start":{"line":32,"column":8},"end":{"line":44,"column":9}},"10":{"start":{"line":33,"column":12},"end":{"line":37,"column":15}},"11":{"start":{"line":39,"column":12},"end":{"line":43,"column":15}},"12":{"start":{"line":45,"column":8},"end":{"line":55,"column":10}},"13":{"start":{"line":46,"column":12},"end":{"line":52,"column":13}},"14":{"start":{"line":47,"column":16},"end":{"line":47,"column":33}},"15":{"start":{"line":49,"column":16},"end":{"line":49,"column":30}},"16":{"start":{"line":51,"column":16},"end":{"line":51,"column":74}},"17":{"start":{"line":54,"column":12},"end":{"line":54,"column":109}},"18":{"start":{"line":57,"column":4},"end":{"line":132,"column":5}},"19":{"start":{"line":63,"column":17},"end":{"line":63,"column":33}},"20":{"start":{"line":66,"column":33},"end":{"line":66,"column":52}},"21":{"start":{"line":71,"column":47},"end":{"line":71,"column":63}},"22":{"start":{"line":108,"column":36},"end":{"line":110,"column":37}},"23":{"start":{"line":118,"column":55},"end":{"line":118,"column":71}},"24":{"start":{"line":123,"column":40},"end":{"line":123,"column":109}}},"fnMap":{"0":{"name":"(anonymous_0)","decl":{"start":{"line":9,"column":14},"end":{"line":9,"column":15}},"loc":{"start":{"line":9,"column":52},"end":{"line":133,"column":1}},"line":9},"1":{"name":"(anonymous_1)","decl":{"start":{"line":20,"column":14},"end":{"line":20,"column":15}},"loc":{"start":{"line":20,"column":20},"end":{"line":26,"column":5}},"line":20},"2":{"name":"(anonymous_2)","decl":{"start":{"line":28,"column":25},"end":{"line":28,"column":26}},"loc":{"start":{"line":28,"column":32},"end":{"line":56,"column":5}},"line":28},"3":{"name":"(anonymous_3)","decl":{"start":{"line":45,"column":21},"end":{"line":45,"column":22}},"loc":{"start":{"line":45,"column":33},"end":{"line":53,"column":9}},"line":45},"4":{"name":"(anonymous_4)","decl":{"start":{"line":53,"column":17},"end":{"line":53,"column":18}},"loc":{"start":{"line":53,"column":28},"end":{"line":55,"column":9}},"line":53},"5":{"name":"(anonymous_5)","decl":{"start":{"line":62,"column":22},"end":{"line":62,"column":23}},"loc":{"start":{"line":62,"column":29},"end":{"line":63,"column":34}},"line":62},"6":{"name":"(anonymous_6)","decl":{"start":{"line":66,"column":26},"end":{"line":66,"column":27}},"loc":{"start":{"line":66,"column":33},"end":{"line":66,"column":52}},"line":66},"7":{"name":"(anonymous_7)","decl":{"start":{"line":71,"column":41},"end":{"line":71,"column":42}},"loc":{"start":{"line":71,"column":47},"end":{"line":71,"column":63}},"line":71},"8":{"name":"(anonymous_8)","decl":{"start":{"line":107,"column":49},"end":{"line":107,"column":50}},"loc":{"start":{"line":107,"column":61},"end":{"line":111,"column":33}},"line":107},"9":{"name":"(anonymous_9)","decl":{"start":{"line":118,"column":49},"end":{"line":118,"column":50}},"loc":{"start":{"line":118,"column":55},"end":{"line":118,"column":71}},"line":118},"10":{"name":"(anonymous_10)","decl":{"start":{"line":122,"column":54},"end":{"line":122,"column":55}},"loc":{"start":{"line":122,"column":65},"end":{"line":124,"column":37}},"line":122}},"branchMap":{"0":{"loc":{"start":{"line":24,"column":20},"end":{"line":24,"column":67}},"type":"cond-expr","locations":[{"start":{"line":24,"column":34},"end":{"line":24,"column":57}},{"start":{"line":24,"column":60},"end":{"line":24,"column":67}}],"line":24},"1":{"loc":{"start":{"line":32,"column":8},"end":{"line":44,"column":9}},"type":"if","locations":[{"start":{"line":32,"column":8},"end":{"line":44,"column":9}},{"start":{"line":38,"column":15},"end":{"line":44,"column":9}}],"line":32},"2":{"loc":{"start":{"line":46,"column":12},"end":{"line":52,"column":13}},"type":"if","locations":[{"start":{"line":46,"column":12},"end":{"line":52,"column":13}},{"start":{"line":50,"column":19},"end":{"line":52,"column":13}}],"line":46},"3":{"loc":{"start":{"line":58,"column":24},"end":{"line":58,"column":65}},"type":"cond-expr","locations":[{"start":{"line":58,"column":33},"end":{"line":58,"column":50}},{"start":{"line":58,"column":53},"end":{"line":58,"column":65}}],"line":58},"4":{"loc":{"start":{"line":59,"column":30},"end":{"line":59,"column":55}},"type":"cond-expr","locations":[{"start":{"line":59,"column":39},"end":{"line":59,"column":46}},{"start":{"line":59,"column":49},"end":{"line":59,"column":55}}],"line":59},"5":{"loc":{"start":{"line":69,"column":53},"end":{"line":69,"column":99}},"type":"cond-expr","locations":[{"start":{"line":69,"column":70},"end":{"line":69,"column":83}},{"start":{"line":69,"column":86},"end":{"line":69,"column":99}}],"line":69}},"s":{"0":1,"1":5,"2":5,"3":5,"4":5,"5":5,"6":0,"7":5,"8":0,"9":0,"10":0,"11":0,"12":0,"13":0,"14":0,"15":0,"16":0,"17":0,"18":5,"19":0,"20":0,"21":0,"22":0,"23":0,"24":0},"f":{"0":5,"1":0,"2":0,"3":0,"4":0,"5":0,"6":0,"7":0,"8":0,"9":0,"10":0},"b":{"0":[0,0],"1":[0,0],"2":[0,0],"3":[0,5],"4":[0,5],"5":[1,3]},"_coverageSchema":"1a1c01bbd47fc00a2c39e90264f33305004495a9","hash":"4c628d9bc35288ea9054965a15a1aa4e6f12b726"}
,"C:\\Projects\\pm-prj-2\\src\\components\\register.js": {"path":"C:\\Projects\\pm-prj-2\\src\\components\\register.js","statementMap":{"0":{"start":{"line":7,"column":17},"end":{"line":102,"column":1}},"1":{"start":{"line":8,"column":39},"end":{"line":13,"column":6}},"2":{"start":{"line":15,"column":28},"end":{"line":15,"column":57}},"3":{"start":{"line":16,"column":44},"end":{"line":16,"column":56}},"4":{"start":{"line":17,"column":21},"end":{"line":17,"column":34}},"5":{"start":{"line":19,"column":25},"end":{"line":41,"column":5}},"6":{"start":{"line":20,"column":8},"end":{"line":20,"column":27}},"7":{"start":{"line":22,"column":8},"end":{"line":25,"column":9}},"8":{"start":{"line":23,"column":12},"end":{"line":23,"column":97}},"9":{"start":{"line":24,"column":12},"end":{"line":24,"column":19}},"10":{"start":{"line":27,"column":8},"end":{"line":40,"column":11}},"11":{"start":{"line":32,"column":12},"end":{"line":37,"column":13}},"12":{"start":{"line":33,"column":16},"end":{"line":33,"column":32}},"13":{"start":{"line":34,"column":16},"end":{"line":34,"column":30}},"14":{"start":{"line":36,"column":16},"end":{"line":36,"column":60}},"15":{"start":{"line":39,"column":12},"end":{"line":39,"column":109}},"16":{"start":{"line":43,"column":4},"end":{"line":101,"column":5}},"17":{"start":{"line":97,"column":20},"end":{"line":97,"column":100}}},"fnMap":{"0":{"name":"(anonymous_0)","decl":{"start":{"line":7,"column":17},"end":{"line":7,"column":18}},"loc":{"start":{"line":7,"column":23},"end":{"line":102,"column":1}},"line":7},"1":{"name":"(anonymous_1)","decl":{"start":{"line":19,"column":25},"end":{"line":19,"column":26}},"loc":{"start":{"line":19,"column":32},"end":{"line":41,"column":5}},"line":19},"2":{"name":"(anonymous_2)","decl":{"start":{"line":31,"column":16},"end":{"line":31,"column":17}},"loc":{"start":{"line":31,"column":28},"end":{"line":38,"column":9}},"line":31},"3":{"name":"(anonymous_3)","decl":{"start":{"line":38,"column":17},"end":{"line":38,"column":18}},"loc":{"start":{"line":38,"column":28},"end":{"line":40,"column":9}},"line":38},"4":{"name":"(anonymous_4)","decl":{"start":{"line":96,"column":34},"end":{"line":96,"column":35}},"loc":{"start":{"line":96,"column":45},"end":{"line":98,"column":17}},"line":96}},"branchMap":{"0":{"loc":{"start":{"line":22,"column":8},"end":{"line":25,"column":9}},"type":"if","locations":[{"start":{"line":22,"column":8},"end":{"line":25,"column":9}},{"start":{},"end":{}}],"line":22},"1":{"loc":{"start":{"line":32,"column":12},"end":{"line":37,"column":13}},"type":"if","locations":[{"start":{"line":32,"column":12},"end":{"line":37,"column":13}},{"start":{"line":35,"column":19},"end":{"line":37,"column":13}}],"line":32}},"s":{"0":1,"1":8,"2":8,"3":8,"4":8,"5":8,"6":3,"7":3,"8":1,"9":1,"10":2,"11":2,"12":1,"13":1,"14":1,"15":0,"16":8,"17":2},"f":{"0":8,"1":3,"2":2,"3":0,"4":2},"b":{"0":[1,2],"1":[1,1]},"_coverageSchema":"1a1c01bbd47fc00a2c39e90264f33305004495a9","hash":"55cb4e65c24efad407686bc485c4c32efd12279b"}
,"C:\\Projects\\pm-prj-2\\src\\components\\TasksDataContext\\TasksDataContext.js": {"path":"C:\\Projects\\pm-prj-2\\src\\components\\TasksDataContext\\TasksDataContext.js","statementMap":{"0":{"start":{"line":8,"column":28},"end":{"line":8,"column":45}},"1":{"start":{"line":10,"column":25},"end":{"line":31,"column":1}},"2":{"start":{"line":11,"column":30},"end":{"line":11,"column":42}},"3":{"start":{"line":15,"column":7},"end":{"line":15,"column":40}},"4":{"start":{"line":16,"column":32},"end":{"line":16,"column":68}},"5":{"start":{"line":16,"column":53},"end":{"line":16,"column":67}},"6":{"start":{"line":17,"column":8},"end":{"line":17,"column":35}},"7":{"start":{"line":20,"column":4},"end":{"line":24,"column":9}},"8":{"start":{"line":22,"column":26},"end":{"line":22,"column":54}},"9":{"start":{"line":23,"column":8},"end":{"line":23,"column":28}},"10":{"start":{"line":26,"column":4},"end":{"line":30,"column":6}},"11":{"start":{"line":33,"column":33},"end":{"line":38,"column":1}},"12":{"start":{"line":34,"column":20},"end":{"line":34,"column":44}},"13":{"start":{"line":35,"column":22},"end":{"line":35,"column":76}},"14":{"start":{"line":35,"column":49},"end":{"line":35,"column":75}},"15":{"start":{"line":37,"column":4},"end":{"line":37,"column":21}},"16":{"start":{"line":40,"column":30},"end":{"line":48,"column":1}},"17":{"start":{"line":41,"column":23},"end":{"line":41,"column":47}},"18":{"start":{"line":43,"column":4},"end":{"line":46,"column":5}},"19":{"start":{"line":44,"column":28},"end":{"line":44,"column":56}},"20":{"start":{"line":45,"column":8},"end":{"line":45,"column":30}},"21":{"start":{"line":50,"column":0},"end":{"line":52,"column":2}}},"fnMap":{"0":{"name":"(anonymous_0)","decl":{"start":{"line":10,"column":25},"end":{"line":10,"column":26}},"loc":{"start":{"line":10,"column":41},"end":{"line":31,"column":1}},"line":10},"1":{"name":"deleteCard","decl":{"start":{"line":14,"column":19},"end":{"line":14,"column":29}},"loc":{"start":{"line":14,"column":35},"end":{"line":18,"column":5}},"line":14},"2":{"name":"(anonymous_2)","decl":{"start":{"line":16,"column":45},"end":{"line":16,"column":46}},"loc":{"start":{"line":16,"column":53},"end":{"line":16,"column":67}},"line":16},"3":{"name":"(anonymous_3)","decl":{"start":{"line":20,"column":14},"end":{"line":20,"column":15}},"loc":{"start":{"line":20,"column":24},"end":{"line":24,"column":5}},"line":20},"4":{"name":"(anonymous_4)","decl":{"start":{"line":33,"column":33},"end":{"line":33,"column":34}},"loc":{"start":{"line":33,"column":54},"end":{"line":38,"column":1}},"line":33},"5":{"name":"(anonymous_5)","decl":{"start":{"line":35,"column":35},"end":{"line":35,"column":36}},"loc":{"start":{"line":35,"column":49},"end":{"line":35,"column":75}},"line":35},"6":{"name":"(anonymous_6)","decl":{"start":{"line":40,"column":30},"end":{"line":40,"column":31}},"loc":{"start":{"line":40,"column":36},"end":{"line":48,"column":1}},"line":40},"7":{"name":"(anonymous_7)","decl":{"start":{"line":43,"column":11},"end":{"line":43,"column":12}},"loc":{"start":{"line":43,"column":23},"end":{"line":46,"column":5}},"line":43}},"branchMap":{},"s":{"0":1,"1":1,"2":0,"3":0,"4":0,"5":0,"6":0,"7":0,"8":0,"9":0,"10":0,"11":1,"12":0,"13":0,"14":0,"15":0,"16":1,"17":5,"18":5,"19":0,"20":0,"21":1},"f":{"0":0,"1":0,"2":0,"3":0,"4":0,"5":0,"6":5,"7":0},"b":{},"_coverageSchema":"1a1c01bbd47fc00a2c39e90264f33305004495a9","hash":"7184a9bf145f4a7353a8572bddcc7d2ee6a94db2"}
,"C:\\Projects\\pm-prj-2\\src\\components\\TypeColumnContext\\TypeColumnContext.js": {"path":"C:\\Projects\\pm-prj-2\\src\\components\\TypeColumnContext\\TypeColumnContext.js","statementMap":{"0":{"start":{"line":8,"column":30},"end":{"line":8,"column":47}},"1":{"start":{"line":10,"column":27},"end":{"line":25,"column":1}},"2":{"start":{"line":12,"column":42},"end":{"line":12,"column":54}},"3":{"start":{"line":14,"column":4},"end":{"line":18,"column":9}},"4":{"start":{"line":15,"column":32},"end":{"line":15,"column":65}},"5":{"start":{"line":16,"column":8},"end":{"line":16,"column":39}},"6":{"start":{"line":20,"column":4},"end":{"line":24,"column":5}}},"fnMap":{"0":{"name":"(anonymous_0)","decl":{"start":{"line":10,"column":27},"end":{"line":10,"column":28}},"loc":{"start":{"line":10,"column":43},"end":{"line":25,"column":1}},"line":10},"1":{"name":"(anonymous_1)","decl":{"start":{"line":14,"column":14},"end":{"line":14,"column":15}},"loc":{"start":{"line":14,"column":24},"end":{"line":18,"column":5}},"line":14}},"branchMap":{},"s":{"0":1,"1":1,"2":0,"3":0,"4":0,"5":0,"6":0},"f":{"0":0,"1":0},"b":{},"_coverageSchema":"1a1c01bbd47fc00a2c39e90264f33305004495a9","hash":"9f61225db416ef0e4f1931aa7d827544ae191525"}
,"C:\\Projects\\pm-prj-2\\src\\hooks\\useFormFields.js": {"path":"C:\\Projects\\pm-prj-2\\src\\hooks\\useFormFields.js","statementMap":{"0":{"start":{"line":3,"column":22},"end":{"line":15,"column":1}},"1":{"start":{"line":4,"column":36},"end":{"line":4,"column":59}},"2":{"start":{"line":6,"column":29},"end":{"line":12,"column":5}},"3":{"start":{"line":7,"column":30},"end":{"line":7,"column":38}},"4":{"start":{"line":8,"column":8},"end":{"line":11,"column":12}},"5":{"start":{"line":8,"column":31},"end":{"line":11,"column":9}},"6":{"start":{"line":14,"column":4},"end":{"line":14,"column":53}}},"fnMap":{"0":{"name":"(anonymous_0)","decl":{"start":{"line":3,"column":22},"end":{"line":3,"column":23}},"loc":{"start":{"line":3,"column":41},"end":{"line":15,"column":1}},"line":3},"1":{"name":"(anonymous_1)","decl":{"start":{"line":6,"column":29},"end":{"line":6,"column":30}},"loc":{"start":{"line":6,"column":36},"end":{"line":12,"column":5}},"line":6},"2":{"name":"(anonymous_2)","decl":{"start":{"line":8,"column":22},"end":{"line":8,"column":23}},"loc":{"start":{"line":8,"column":31},"end":{"line":11,"column":9}},"line":8}},"branchMap":{},"s":{"0":3,"1":18,"2":18,"3":1,"4":1,"5":1,"6":18},"f":{"0":18,"1":1,"2":1},"b":{},"_coverageSchema":"1a1c01bbd47fc00a2c39e90264f33305004495a9","hash":"80e5ee7e714306996b14cc379daf7414884be08f"}
,"C:\\Projects\\pm-prj-2\\src\\hooks\\useLocalStorage.js": {"path":"C:\\Projects\\pm-prj-2\\src\\hooks\\useLocalStorage.js","statementMap":{"0":{"start":{"line":3,"column":24},"end":{"line":12,"column":1}},"1":{"start":{"line":4,"column":30},"end":{"line":6,"column":6}},"2":{"start":{"line":5,"column":8},"end":{"line":5,"column":76}},"3":{"start":{"line":7,"column":4},"end":{"line":9,"column":21}},"4":{"start":{"line":8,"column":8},"end":{"line":8,"column":64}},"5":{"start":{"line":11,"column":4},"end":{"line":11,"column":29}}},"fnMap":{"0":{"name":"(anonymous_0)","decl":{"start":{"line":3,"column":24},"end":{"line":3,"column":25}},"loc":{"start":{"line":3,"column":47},"end":{"line":12,"column":1}},"line":3},"1":{"name":"(anonymous_1)","decl":{"start":{"line":4,"column":39},"end":{"line":4,"column":40}},"loc":{"start":{"line":4,"column":45},"end":{"line":6,"column":5}},"line":4},"2":{"name":"(anonymous_2)","decl":{"start":{"line":7,"column":14},"end":{"line":7,"column":15}},"loc":{"start":{"line":7,"column":20},"end":{"line":9,"column":5}},"line":7}},"branchMap":{"0":{"loc":{"start":{"line":5,"column":15},"end":{"line":5,"column":75}},"type":"binary-expr","locations":[{"start":{"line":5,"column":15},"end":{"line":5,"column":59}},{"start":{"line":5,"column":63},"end":{"line":5,"column":75}}],"line":5}},"s":{"0":5,"1":13,"2":7,"3":13,"4":0,"5":13},"f":{"0":13,"1":7,"2":0},"b":{"0":[7,7]},"_coverageSchema":"1a1c01bbd47fc00a2c39e90264f33305004495a9","hash":"fc312c2578ef3e2612b9b5e35ad574bc3fa781bc"}
,"C:\\Projects\\pm-prj-2\\src\\services\\BaseService.js": {"path":"C:\\Projects\\pm-prj-2\\src\\services\\BaseService.js","statementMap":{"0":{"start":{"line":4,"column":14},"end":{"line":4,"column":59}},"1":{"start":{"line":7,"column":21},"end":{"line":7,"column":68}},"2":{"start":{"line":8,"column":24},"end":{"line":10,"column":9}},"3":{"start":{"line":12,"column":8},"end":{"line":14,"column":9}},"4":{"start":{"line":13,"column":12},"end":{"line":13,"column":60}},"5":{"start":{"line":16,"column":8},"end":{"line":16,"column":23}},"6":{"start":{"line":20,"column":25},"end":{"line":23,"column":10}},"7":{"start":{"line":25,"column":8},"end":{"line":25,"column":37}},"8":{"start":{"line":29,"column":25},"end":{"line":34,"column":10}},"9":{"start":{"line":36,"column":8},"end":{"line":36,"column":37}},"10":{"start":{"line":40,"column":25},"end":{"line":44,"column":10}},"11":{"start":{"line":46,"column":8},"end":{"line":46,"column":37}},"12":{"start":{"line":50,"column":25},"end":{"line":54,"column":10}},"13":{"start":{"line":56,"column":8},"end":{"line":56,"column":37}}},"fnMap":{"0":{"name":"(anonymous_0)","decl":{"start":{"line":6,"column":4},"end":{"line":6,"column":5}},"loc":{"start":{"line":6,"column":30},"end":{"line":17,"column":5}},"line":6},"1":{"name":"(anonymous_1)","decl":{"start":{"line":19,"column":4},"end":{"line":19,"column":5}},"loc":{"start":{"line":19,"column":20},"end":{"line":26,"column":5}},"line":19},"2":{"name":"(anonymous_2)","decl":{"start":{"line":28,"column":4},"end":{"line":28,"column":5}},"loc":{"start":{"line":28,"column":26},"end":{"line":37,"column":5}},"line":28},"3":{"name":"(anonymous_3)","decl":{"start":{"line":39,"column":4},"end":{"line":39,"column":5}},"loc":{"start":{"line":39,"column":23},"end":{"line":47,"column":5}},"line":39},"4":{"name":"(anonymous_4)","decl":{"start":{"line":49,"column":4},"end":{"line":49,"column":5}},"loc":{"start":{"line":49,"column":42},"end":{"line":57,"column":5}},"line":49}},"branchMap":{"0":{"loc":{"start":{"line":6,"column":15},"end":{"line":6,"column":28}},"type":"default-arg","locations":[{"start":{"line":6,"column":24},"end":{"line":6,"column":28}}],"line":6},"1":{"loc":{"start":{"line":12,"column":8},"end":{"line":14,"column":9}},"type":"if","locations":[{"start":{"line":12,"column":8},"end":{"line":14,"column":9}},{"start":{},"end":{}}],"line":12},"2":{"loc":{"start":{"line":12,"column":12},"end":{"line":12,"column":28}},"type":"binary-expr","locations":[{"start":{"line":12,"column":12},"end":{"line":12,"column":20}},{"start":{"line":12,"column":24},"end":{"line":12,"column":28}}],"line":12},"3":{"loc":{"start":{"line":49,"column":27},"end":{"line":49,"column":40}},"type":"default-arg","locations":[{"start":{"line":49,"column":36},"end":{"line":49,"column":40}}],"line":49}},"s":{"0":6,"1":6,"2":6,"3":6,"4":0,"5":6,"6":3,"7":3,"8":1,"9":1,"10":1,"11":1,"12":1,"13":1},"f":{"0":6,"1":3,"2":1,"3":1,"4":1},"b":{"0":[5],"1":[0,6],"2":[6,6],"3":[1]},"_coverageSchema":"1a1c01bbd47fc00a2c39e90264f33305004495a9","hash":"1c63b681a96a1f52bc1015e5055bf7469537fb5b"}
,"C:\\Projects\\pm-prj-2\\src\\services\\StatusService.js": {"path":"C:\\Projects\\pm-prj-2\\src\\services\\StatusService.js","statementMap":{"0":{"start":{"line":6,"column":8},"end":{"line":6,"column":35}},"1":{"start":{"line":7,"column":8},"end":{"line":7,"column":42}}},"fnMap":{"0":{"name":"(anonymous_0)","decl":{"start":{"line":5,"column":4},"end":{"line":5,"column":5}},"loc":{"start":{"line":5,"column":24},"end":{"line":8,"column":5}},"line":5}},"branchMap":{},"s":{"0":1,"1":1},"f":{"0":1},"b":{},"_coverageSchema":"1a1c01bbd47fc00a2c39e90264f33305004495a9","hash":"ed3b479067b2264485ccf4014896ff39db69b50a"}
,"C:\\Projects\\pm-prj-2\\src\\services\\TaskService.js": {"path":"C:\\Projects\\pm-prj-2\\src\\services\\TaskService.js","statementMap":{"0":{"start":{"line":5,"column":8},"end":{"line":5,"column":39}},"1":{"start":{"line":9,"column":8},"end":{"line":9,"column":45}},"2":{"start":{"line":13,"column":8},"end":{"line":13,"column":51}},"3":{"start":{"line":17,"column":8},"end":{"line":17,"column":47}},"4":{"start":{"line":21,"column":8},"end":{"line":21,"column":48}}},"fnMap":{"0":{"name":"(anonymous_0)","decl":{"start":{"line":4,"column":4},"end":{"line":4,"column":5}},"loc":{"start":{"line":4,"column":21},"end":{"line":6,"column":5}},"line":4},"1":{"name":"(anonymous_1)","decl":{"start":{"line":8,"column":4},"end":{"line":8,"column":5}},"loc":{"start":{"line":8,"column":22},"end":{"line":10,"column":5}},"line":8},"2":{"name":"(anonymous_2)","decl":{"start":{"line":12,"column":4},"end":{"line":12,"column":5}},"loc":{"start":{"line":12,"column":31},"end":{"line":14,"column":5}},"line":12},"3":{"name":"(anonymous_3)","decl":{"start":{"line":16,"column":4},"end":{"line":16,"column":5}},"loc":{"start":{"line":16,"column":27},"end":{"line":18,"column":5}},"line":16},"4":{"name":"(anonymous_4)","decl":{"start":{"line":20,"column":4},"end":{"line":20,"column":5}},"loc":{"start":{"line":20,"column":25},"end":{"line":22,"column":5}},"line":20}},"branchMap":{},"s":{"0":1,"1":1,"2":1,"3":1,"4":1},"f":{"0":1,"1":1,"2":1,"3":1,"4":1},"b":{},"_coverageSchema":"1a1c01bbd47fc00a2c39e90264f33305004495a9","hash":"755c055eb5ffae9525bb99312a2879292fb6d463"}
,"C:\\Projects\\pm-prj-2\\src\\services\\UserService.js": {"path":"C:\\Projects\\pm-prj-2\\src\\services\\UserService.js","statementMap":{"0":{"start":{"line":6,"column":8},"end":{"line":6,"column":61}},"1":{"start":{"line":10,"column":8},"end":{"line":10,"column":52}}},"fnMap":{"0":{"name":"(anonymous_0)","decl":{"start":{"line":5,"column":4},"end":{"line":5,"column":5}},"loc":{"start":{"line":5,"column":25},"end":{"line":7,"column":5}},"line":5},"1":{"name":"(anonymous_1)","decl":{"start":{"line":9,"column":4},"end":{"line":9,"column":5}},"loc":{"start":{"line":9,"column":22},"end":{"line":11,"column":5}},"line":9}},"branchMap":{},"s":{"0":0,"1":0},"f":{"0":0,"1":0},"b":{},"_coverageSchema":"1a1c01bbd47fc00a2c39e90264f33305004495a9","hash":"0fce7fc6612175d2c2fc2988217d2f63beac53e2"}
,"C:\\Projects\\pm-prj-2\\src\\tests\\mock\\createCard.js": {"path":"C:\\Projects\\pm-prj-2\\src\\tests\\mock\\createCard.js","statementMap":{},"fnMap":{},"branchMap":{},"s":{},"f":{},"b":{},"_coverageSchema":"1a1c01bbd47fc00a2c39e90264f33305004495a9","hash":"337062a30b02f52fb3c66fa02625e20280ec79d9"}
,"C:\\Projects\\pm-prj-2\\src\\tests\\mock\\createCard_fail_400.js": {"path":"C:\\Projects\\pm-prj-2\\src\\tests\\mock\\createCard_fail_400.js","statementMap":{},"fnMap":{},"branchMap":{},"s":{},"f":{},"b":{},"_coverageSchema":"1a1c01bbd47fc00a2c39e90264f33305004495a9","hash":"3f0cdb56a49c89fdefbe1cea59a969cddc40a401"}
,"C:\\Projects\\pm-prj-2\\src\\tests\\mock\\createTaskFromService.js": {"path":"C:\\Projects\\pm-prj-2\\src\\tests\\mock\\createTaskFromService.js","statementMap":{},"fnMap":{},"branchMap":{},"s":{},"f":{},"b":{},"_coverageSchema":"1a1c01bbd47fc00a2c39e90264f33305004495a9","hash":"18eab2d849b7feb92293c1fbef5ddd864838502d"}
,"C:\\Projects\\pm-prj-2\\src\\tests\\mock\\deleteTaskFromService.js": {"path":"C:\\Projects\\pm-prj-2\\src\\tests\\mock\\deleteTaskFromService.js","statementMap":{},"fnMap":{},"branchMap":{},"s":{},"f":{},"b":{},"_coverageSchema":"1a1c01bbd47fc00a2c39e90264f33305004495a9","hash":"589d3cdbb7328da3fad7729a23e331e121d1cc84"}
,"C:\\Projects\\pm-prj-2\\src\\tests\\mock\\getCardFromService.js": {"path":"C:\\Projects\\pm-prj-2\\src\\tests\\mock\\getCardFromService.js","statementMap":{},"fnMap":{},"branchMap":{},"s":{},"f":{},"b":{},"_coverageSchema":"1a1c01bbd47fc00a2c39e90264f33305004495a9","hash":"6cefc96f1f0bf088a4e4d0e89e929567fc688311"}
,"C:\\Projects\\pm-prj-2\\src\\tests\\mock\\getCardsFromService.js": {"path":"C:\\Projects\\pm-prj-2\\src\\tests\\mock\\getCardsFromService.js","statementMap":{},"fnMap":{},"branchMap":{},"s":{},"f":{},"b":{},"_coverageSchema":"1a1c01bbd47fc00a2c39e90264f33305004495a9","hash":"657ecde57f8aa0ca3ac4eb99042a5129f342240b"}
,"C:\\Projects\\pm-prj-2\\src\\tests\\mock\\login.js": {"path":"C:\\Projects\\pm-prj-2\\src\\tests\\mock\\login.js","statementMap":{},"fnMap":{},"branchMap":{},"s":{},"f":{},"b":{},"_coverageSchema":"1a1c01bbd47fc00a2c39e90264f33305004495a9","hash":"77e57f6268ccbdcfe4f175cd57e443185d73cb7d"}
,"C:\\Projects\\pm-prj-2\\src\\tests\\mock\\login_fail_400.js": {"path":"C:\\Projects\\pm-prj-2\\src\\tests\\mock\\login_fail_400.js","statementMap":{},"fnMap":{},"branchMap":{},"s":{},"f":{},"b":{},"_coverageSchema":"1a1c01bbd47fc00a2c39e90264f33305004495a9","hash":"4128502f9363a9a7bcffb695713c13b8d121f271"}
,"C:\\Projects\\pm-prj-2\\src\\tests\\mock\\register.js": {"path":"C:\\Projects\\pm-prj-2\\src\\tests\\mock\\register.js","statementMap":{},"fnMap":{},"branchMap":{},"s":{},"f":{},"b":{},"_coverageSchema":"1a1c01bbd47fc00a2c39e90264f33305004495a9","hash":"731b04c051db2389b5e4708d5179798dc20eed0a"}
,"C:\\Projects\\pm-prj-2\\src\\tests\\mock\\register_fail_400.js": {"path":"C:\\Projects\\pm-prj-2\\src\\tests\\mock\\register_fail_400.js","statementMap":{},"fnMap":{},"branchMap":{},"s":{},"f":{},"b":{},"_coverageSchema":"1a1c01bbd47fc00a2c39e90264f33305004495a9","hash":"87de630a810c1790e29af1d8321f5fe63ef4a1c0"}
,"C:\\Projects\\pm-prj-2\\src\\tests\\mock\\statuses.js": {"path":"C:\\Projects\\pm-prj-2\\src\\tests\\mock\\statuses.js","statementMap":{},"fnMap":{},"branchMap":{},"s":{},"f":{},"b":{},"_coverageSchema":"1a1c01bbd47fc00a2c39e90264f33305004495a9","hash":"d03c44bed2945da82611dcd599530aedf2166f75"}
,"C:\\Projects\\pm-prj-2\\src\\tests\\mock\\updateCard.js": {"path":"C:\\Projects\\pm-prj-2\\src\\tests\\mock\\updateCard.js","statementMap":{},"fnMap":{},"branchMap":{},"s":{},"f":{},"b":{},"_coverageSchema":"1a1c01bbd47fc00a2c39e90264f33305004495a9","hash":"ae40fbd1244eaa0f1604412545d9d70f7c0b91cf"}
,"C:\\Projects\\pm-prj-2\\src\\tests\\mock\\updateCardService.js": {"path":"C:\\Projects\\pm-prj-2\\src\\tests\\mock\\updateCardService.js","statementMap":{},"fnMap":{},"branchMap":{},"s":{},"f":{},"b":{},"_coverageSchema":"1a1c01bbd47fc00a2c39e90264f33305004495a9","hash":"967692bcf0c14e78fab8369f796eaab606c925a7"}
}
